<?xml version="1.0" encoding="UTF-8"?>
<testsuite name="Тестовый класс для проверки домашней страницы GOOGLE.COM" tests="1" skipped="0" failures="1" errors="0" timestamp="2024-06-21T09:57:58" hostname="PORTISHEAD-PC" time="4.849">
  <properties/>
  <testcase name="Find {Котики} on {Google.com} :: итерация [1] из [1]" classname="demoQA_tests.HomePageTests" time="4.849">
    <failure message="java.lang.AssertionError: Текст [Результаты поиска222] не был найден в элементе [h1] в течение [1000] миллисекунд" type="java.lang.AssertionError">java.lang.AssertionError: Текст [Результаты поиска222] не был найден в элементе [h1] в течение [1000] миллисекунд
	at core.BasePage.shouldHaveText(BasePage.java:82)
	at demoQA_tests.HomePageTests.searchTest(HomePageTests.java:33)
	at java.base/java.lang.reflect.Method.invoke(Method.java:577)
	at io.qameta.allure.junit5.AllureJunit5.interceptTestTemplateMethod(AllureJunit5.java:59)
	at java.base/java.util.stream.ForEachOps$ForEachOp$OfRef.accept(ForEachOps.java:183)
	at java.base/java.util.stream.ReferencePipeline$3$1.accept(ReferencePipeline.java:197)
	at java.base/java.util.stream.ReferencePipeline$2$1.accept(ReferencePipeline.java:179)
	at java.base/java.util.stream.ReferencePipeline$3$1.accept(ReferencePipeline.java:197)
	at java.base/java.util.stream.ForEachOps$ForEachOp$OfRef.accept(ForEachOps.java:183)
	at java.base/java.util.stream.ReferencePipeline$3$1.accept(ReferencePipeline.java:197)
	at java.base/java.util.stream.IntPipeline$1$1.accept(IntPipeline.java:180)
	at java.base/java.util.stream.Streams$RangeIntSpliterator.forEachRemaining(Streams.java:108)
	at java.base/java.util.Spliterator$OfInt.forEachRemaining(Spliterator.java:711)
	at java.base/java.util.stream.AbstractPipeline.copyInto(AbstractPipeline.java:509)
	at java.base/java.util.stream.AbstractPipeline.wrapAndCopyInto(AbstractPipeline.java:499)
	at java.base/java.util.stream.ForEachOps$ForEachOp.evaluateSequential(ForEachOps.java:150)
	at java.base/java.util.stream.ForEachOps$ForEachOp$OfRef.evaluateSequential(ForEachOps.java:173)
	at java.base/java.util.stream.AbstractPipeline.evaluate(AbstractPipeline.java:234)
	at java.base/java.util.stream.ReferencePipeline.forEach(ReferencePipeline.java:596)
	at java.base/java.util.stream.ReferencePipeline$7$1.accept(ReferencePipeline.java:276)
	at java.base/java.util.ArrayList$ArrayListSpliterator.forEachRemaining(ArrayList.java:1625)
	at java.base/java.util.stream.AbstractPipeline.copyInto(AbstractPipeline.java:509)
	at java.base/java.util.stream.AbstractPipeline.wrapAndCopyInto(AbstractPipeline.java:499)
	at java.base/java.util.stream.ForEachOps$ForEachOp.evaluateSequential(ForEachOps.java:150)
	at java.base/java.util.stream.ForEachOps$ForEachOp$OfRef.evaluateSequential(ForEachOps.java:173)
	at java.base/java.util.stream.AbstractPipeline.evaluate(AbstractPipeline.java:234)
	at java.base/java.util.stream.ReferencePipeline.forEach(ReferencePipeline.java:596)
	at java.base/java.util.ArrayList.forEach(ArrayList.java:1511)
	at java.base/java.util.ArrayList.forEach(ArrayList.java:1511)
</failure>
  </testcase>
  <system-out><![CDATA[11:57:58.040 [Test worker] INFO core.BaseTest -- ========================= searchTest ============================
11:57:58.047 [Test worker] INFO core.BaseTest -- START TEST: Find {Котики} on {Google.com} :: итерация [1] из [1]
11:58:01.388 [Test worker] INFO core.BasePage -- ТЕКСТ ПРОВЕРЕН: [Результаты поиска222] В ЭЛЕМЕНТЕ: [h1]
11:58:02.532 [Test worker] ERROR core.BasePage -- Текст [Результаты поиска222] не был найден в элементе [h1] в течение [1000] миллисекунд
11:58:02.864 [Test worker] ERROR core.BaseTest -- FAILED TEST: [searchTest], TIME for test execution: [3189] ms
11:58:02.974 [Test worker] INFO core.BaseTest -- **************************** ВСЕ ТЕСТЫ ЗАВЕРШЕНЫ ****************************
]]></system-out>
  <system-err><![CDATA[]]></system-err>
</testsuite>
